ffmpeg version 2025-02-02-git-957eb2323a-full_build-www.gyan.dev Copyright (c) 2000-2025 the FFmpeg developers
  built with gcc 14.2.0 (Rev1, Built by MSYS2 project)
  configuration: --enable-gpl --enable-version3 --enable-static --disable-w32threads --disable-autodetect --enable-fontconfig --enable-iconv --enable-gnutls --enable-lcms2 --enable-libxml2 --enable-gmp --enable-bzlib --enable-lzma --enable-libsnappy --enable-zlib --enable-librist --enable-libsrt --enable-libssh --enable-libzmq --enable-avisynth --enable-libbluray --enable-libcaca --enable-libdvdnav --enable-libdvdread --enable-sdl2 --enable-libaribb24 --enable-libaribcaption --enable-libdav1d --enable-libdavs2 --enable-libopenjpeg --enable-libquirc --enable-libuavs3d --enable-libxevd --enable-libzvbi --enable-libqrencode --enable-librav1e --enable-libsvtav1 --enable-libvvenc --enable-libwebp --enable-libx264 --enable-libx265 --enable-libxavs2 --enable-libxeve --enable-libxvid --enable-libaom --enable-libjxl --enable-libvpx --enable-mediafoundation --enable-libass --enable-frei0r --enable-libfreetype --enable-libfribidi --enable-libharfbuzz --enable-liblensfun --enable-libvidstab --enable-libvmaf --enable-libzimg --enable-amf --enable-cuda-llvm --enable-cuvid --enable-dxva2 --enable-d3d11va --enable-d3d12va --enable-ffnvcodec --enable-libvpl --enable-nvdec --enable-nvenc --enable-vaapi --enable-libshaderc --enable-vulkan --enable-libplacebo --enable-opencl --enable-libcdio --enable-libgme --enable-libmodplug --enable-libopenmpt --enable-libopencore-amrwb --enable-libmp3lame --enable-libshine --enable-libtheora --enable-libtwolame --enable-libvo-amrwbenc --enable-libcodec2 --enable-libilbc --enable-libgsm --enable-liblc3 --enable-libopencore-amrnb --enable-libopus --enable-libspeex --enable-libvorbis --enable-ladspa --enable-libbs2b --enable-libflite --enable-libmysofa --enable-librubberband --enable-libsoxr --enable-chromaprint
  libavutil      59. 56.100 / 59. 56.100
  libavcodec     61. 32.100 / 61. 32.100
  libavformat    61.  9.106 / 61.  9.106
  libavdevice    61.  4.100 / 61.  4.100
  libavfilter    10.  9.100 / 10.  9.100
  libswscale      8. 13.100 /  8. 13.100
  libswresample   5.  4.100 /  5.  4.100
  libpostproc    58.  4.100 / 58.  4.100
Input #0, aac, from 'http://cc112sumenep.com:8000/ilm':
  Metadata:
    icy-br          : 64
    icy-channels    : 2
    icy-name        : ILM
    icy-pub         : 1
    icy-samplerate  : 44100
    StreamTitle     : Andromeda - lamunan
  Duration: N/A, bitrate: 63 kb/s
  Stream #0:0: Audio: aac (LC), 44100 Hz, stereo, fltp, 63 kb/s
Stream mapping:
;FFMETADATA1
Output #0, ffmetadata, to 'pipe:':
  Metadata:
    icy-br          : 64
    icy-channels    : 2
    icy-name        : ILM
    icy-pub         : 1
    icy-samplerate  : 44100
    StreamTitle     : Andromeda - lamunan
    encoder         : Lavf61.9.106
Press [q] to stop, [?] for help
icy-br=64
icy-channels=2
icy-name=ILM
icy-pub=1
icy-samplerate=44100
StreamTitle=Andromeda - lamunan
encoder=Lavf61.9.106
[out#0/ffmetadata @ 000002aaed66e8c0] video:0KiB audio:0KiB subtitle:0KiB other streams:0KiB global headers:0KiB muxing overhead: unknown
[out#0/ffmetadata @ 000002aaed66e8c0] Output file is empty, nothing was encoded
size=       0KiB time=N/A bitrate=N/A speed=N/A    
